Build started 12/26/2017 1:12:19 PM.
     1>Project "c:\Users\Sharath\documents\visual studio 2013\Projects\GrimReaper\GrimReaper\GrimReaper.vcxproj" on node 2 (Rebuild target(s)).
     1>ClCompile:
         C:\Program Files (x86)\Microsoft Visual Studio 12.0\VC\bin\CL.exe /c /IC:\sdl2\sdl2\include /ZI /nologo /W3 /WX- /sdl /Od /Oy- /D _MBCS /Gm /EHsc /RTC1 /MDd /GS /fp:precise /Zc:wchar_t /Zc:forScope /Fo"Debug\\" /Fd"Debug\vc120.pdb" /Gd /TP /analyze- /errorReport:prompt cleanup.cpp drawing_functions.cpp globals.cpp main.cpp randomNumber.cpp res_path.cpp
         res_path.cpp
         randomNumber.cpp
         main.cpp
         globals.cpp
     1>c:\users\sharath\documents\visual studio 2013\projects\grimreaper\grimreaper\globals.cpp(3): warning C4305: 'initializing' : truncation from 'double' to 'const float'
         drawing_functions.cpp
         cleanup.cpp
         Generating Code...
       Link:
         C:\Program Files (x86)\Microsoft Visual Studio 12.0\VC\bin\link.exe /ERRORREPORT:PROMPT /OUT:"c:\users\sharath\documents\visual studio 2013\Projects\GrimReaper\Debug\GrimReaper.exe" /INCREMENTAL /NOLOGO /LIBPATH:C:\sdl2\sdl2\lib\x86 SDL2.lib SDL2main.lib SDL2_image.lib SDL2_mixer.lib SDL2_ttf.lib kernel32.lib user32.lib gdi32.lib winspool.lib comdlg32.lib advapi32.lib shell32.lib ole32.lib oleaut32.lib uuid.lib odbc32.lib odbccp32.lib /MANIFEST /MANIFESTUAC:"level='asInvoker' uiAccess='false'" /manifest:embed /DEBUG /PDB:"c:\users\sharath\documents\visual studio 2013\Projects\GrimReaper\Debug\GrimReaper.pdb" /SUBSYSTEM:CONSOLE /TLBID:1 /DYNAMICBASE /NXCOMPAT /IMPLIB:"c:\users\sharath\documents\visual studio 2013\Projects\GrimReaper\Debug\GrimReaper.lib" /MACHINE:X86 Debug\cleanup.obj
         Debug\drawing_functions.obj
         Debug\globals.obj
         Debug\main.obj
         Debug\randomNumber.obj
         Debug\res_path.obj
     1>MSVCRTD.lib(cinitexe.obj) : warning LNK4098: defaultlib 'msvcrt.lib' conflicts with use of other libs; use /NODEFAULTLIB:library
         GrimReaper.vcxproj -> c:\users\sharath\documents\visual studio 2013\Projects\GrimReaper\Debug\GrimReaper.exe
     1>Done Building Project "c:\Users\Sharath\documents\visual studio 2013\Projects\GrimReaper\GrimReaper\GrimReaper.vcxproj" (Rebuild target(s)).

Build succeeded.

Time Elapsed 00:00:03.84
